Info    : Reading 'coldplate.msh'...
Info    : 8938 entities
Info    : 63378 nodes
Info    : 260801 elements
Info    : [  0%] Reading elements                                                                                Info    : [ 10%] Reading elements                                                                                Info    : [ 20%] Reading elements                                                                                Info    : [ 30%] Reading elements                                                                                Info    : [ 40%] Reading elements                                                                                Info    : [ 50%] Reading elements                                                                                Info    : [ 60%] Reading elements                                                                                Info    : [ 70%] Reading elements                                                                                Info    : [ 80%] Reading elements                                                                                Info    : [ 90%] Reading elements                                                                                                                                                                Info    : Done reading 'coldplate.msh'
Geometric inlet face count: 6
Geometric inlet area:       9.379055122985465 mm²
Theoretical inlet area:     11.341149479459153 mm²
u_inlet_actual:             2932.065078987021 mm/s
Geometric outlet face count: 6
Geometric outlet area:       9.379055122985465 mm²
Velocity DOFs: 122958
Pressure DOFs: 20145
Assembling Stokes...
Max velocity: 5221.618377709761
Max pressure: 1264.4462870606362
Inlet flux:  -24669.06032650752 mm³/s
Outlet flux: 23925.617151788443 mm³/s
Total flux:  -743.4431747190706 mm³/s
Expected:    27500.0 mm³/s
Stokes plot saved
Fluid volume near fins: 4786.273535788667 mm³
Q_vol = 0.22982388945698765 W/mm³
Total heat input check: 1100.000000000002 W
Temperature DOFs: 110250
Assembling temperature...
Temperature done
Max fluid temp: 313.9592769687914 K
Min fluid temp: 313.08560434242133 K
Net convective heat transport: -953.6096091336185 W
Expected: 1100 W
Temperature plot saved
